Analysis & Synthesis report for Processador
Thu May 13 23:14:44 2021
Quartus Prime Version 20.1.1 Build 720 11/11/2020 SJ Lite Edition


---------------------
; Table of Contents ;
---------------------
  1. Legal Notice
  2. Analysis & Synthesis Summary
  3. Analysis & Synthesis Settings
  4. Parallel Compilation
  5. Analysis & Synthesis Source Files Read
  6. Analysis & Synthesis Resource Usage Summary
  7. Analysis & Synthesis Resource Utilization by Entity
  8. General Register Statistics
  9. Post-Synthesis Netlist Statistics for Top Partition
 10. Elapsed Time Per Partition
 11. Analysis & Synthesis Messages



----------------
; Legal Notice ;
----------------
Copyright (C) 2020  Intel Corporation. All rights reserved.
Your use of Intel Corporation's design tools, logic functions 
and other software and tools, and any partner logic 
functions, and any output files from any of the foregoing 
(including device programming or simulation files), and any 
associated documentation or information are expressly subject 
to the terms and conditions of the Intel Program License 
Subscription Agreement, the Intel Quartus Prime License Agreement,
the Intel FPGA IP License Agreement, or other applicable license
agreement, including, without limitation, that your use is for
the sole purpose of programming logic devices manufactured by
Intel and sold by Intel or its authorized distributors.  Please
refer to the applicable agreement for further details, at
https://fpgasoftware.intel.com/eula.



+-------------------------------------------------------------------------------+
; Analysis & Synthesis Summary                                                  ;
+---------------------------------+---------------------------------------------+
; Analysis & Synthesis Status     ; Successful - Thu May 13 23:14:44 2021       ;
; Quartus Prime Version           ; 20.1.1 Build 720 11/11/2020 SJ Lite Edition ;
; Revision Name                   ; Processador                                 ;
; Top-level Entity Name           ; BancoRegistradores                          ;
; Family                          ; Cyclone V                                   ;
; Logic utilization (in ALMs)     ; N/A                                         ;
; Total registers                 ; 32                                          ;
; Total pins                      ; 30                                          ;
; Total virtual pins              ; 0                                           ;
; Total block memory bits         ; 0                                           ;
; Total DSP Blocks                ; 0                                           ;
; Total HSSI RX PCSs              ; 0                                           ;
; Total HSSI PMA RX Deserializers ; 0                                           ;
; Total HSSI TX PCSs              ; 0                                           ;
; Total HSSI PMA TX Serializers   ; 0                                           ;
; Total PLLs                      ; 0                                           ;
; Total DLLs                      ; 0                                           ;
+---------------------------------+---------------------------------------------+


+---------------------------------------------------------------------------------------------------------------------------+
; Analysis & Synthesis Settings                                                                                             ;
+---------------------------------------------------------------------------------+--------------------+--------------------+
; Option                                                                          ; Setting            ; Default Value      ;
+---------------------------------------------------------------------------------+--------------------+--------------------+
; Device                                                                          ; 5CGXFC7C7F23C8     ;                    ;
; Top-level entity name                                                           ; BancoRegistradores ; Processador        ;
; Family name                                                                     ; Cyclone V          ; Cyclone V          ;
; Use smart compilation                                                           ; Off                ; Off                ;
; Enable parallel Assembler and Timing Analyzer during compilation                ; On                 ; On                 ;
; Enable compact report table                                                     ; Off                ; Off                ;
; Restructure Multiplexers                                                        ; Auto               ; Auto               ;
; MLAB Add Timing Constraints For Mixed-Port Feed-Through Mode Setting Don't Care ; Off                ; Off                ;
; Create Debugging Nodes for IP Cores                                             ; Off                ; Off                ;
; Preserve fewer node names                                                       ; On                 ; On                 ;
; Intel FPGA IP Evaluation Mode                                                   ; Enable             ; Enable             ;
; Verilog Version                                                                 ; Verilog_2001       ; Verilog_2001       ;
; VHDL Version                                                                    ; VHDL_1993          ; VHDL_1993          ;
; State Machine Processing                                                        ; Auto               ; Auto               ;
; Safe State Machine                                                              ; Off                ; Off                ;
; Extract Verilog State Machines                                                  ; On                 ; On                 ;
; Extract VHDL State Machines                                                     ; On                 ; On                 ;
; Ignore Verilog initial constructs                                               ; Off                ; Off                ;
; Iteration limit for constant Verilog loops                                      ; 5000               ; 5000               ;
; Iteration limit for non-constant Verilog loops                                  ; 250                ; 250                ;
; Add Pass-Through Logic to Inferred RAMs                                         ; On                 ; On                 ;
; Infer RAMs from Raw Logic                                                       ; On                 ; On                 ;
; Parallel Synthesis                                                              ; On                 ; On                 ;
; DSP Block Balancing                                                             ; Auto               ; Auto               ;
; NOT Gate Push-Back                                                              ; On                 ; On                 ;
; Power-Up Don't Care                                                             ; On                 ; On                 ;
; Remove Redundant Logic Cells                                                    ; Off                ; Off                ;
; Remove Duplicate Registers                                                      ; On                 ; On                 ;
; Ignore CARRY Buffers                                                            ; Off                ; Off                ;
; Ignore CASCADE Buffers                                                          ; Off                ; Off                ;
; Ignore GLOBAL Buffers                                                           ; Off                ; Off                ;
; Ignore ROW GLOBAL Buffers                                                       ; Off                ; Off                ;
; Ignore LCELL Buffers                                                            ; Off                ; Off                ;
; Ignore SOFT Buffers                                                             ; On                 ; On                 ;
; Limit AHDL Integers to 32 Bits                                                  ; Off                ; Off                ;
; Optimization Technique                                                          ; Balanced           ; Balanced           ;
; Carry Chain Length                                                              ; 70                 ; 70                 ;
; Auto Carry Chains                                                               ; On                 ; On                 ;
; Auto Open-Drain Pins                                                            ; On                 ; On                 ;
; Perform WYSIWYG Primitive Resynthesis                                           ; Off                ; Off                ;
; Auto ROM Replacement                                                            ; On                 ; On                 ;
; Auto RAM Replacement                                                            ; On                 ; On                 ;
; Auto DSP Block Replacement                                                      ; On                 ; On                 ;
; Auto Shift Register Replacement                                                 ; Auto               ; Auto               ;
; Allow Shift Register Merging across Hierarchies                                 ; Auto               ; Auto               ;
; Auto Clock Enable Replacement                                                   ; On                 ; On                 ;
; Strict RAM Replacement                                                          ; Off                ; Off                ;
; Allow Synchronous Control Signals                                               ; On                 ; On                 ;
; Force Use of Synchronous Clear Signals                                          ; Off                ; Off                ;
; Auto Resource Sharing                                                           ; Off                ; Off                ;
; Allow Any RAM Size For Recognition                                              ; Off                ; Off                ;
; Allow Any ROM Size For Recognition                                              ; Off                ; Off                ;
; Allow Any Shift Register Size For Recognition                                   ; Off                ; Off                ;
; Use LogicLock Constraints during Resource Balancing                             ; On                 ; On                 ;
; Ignore translate_off and synthesis_off directives                               ; Off                ; Off                ;
; Timing-Driven Synthesis                                                         ; On                 ; On                 ;
; Report Parameter Settings                                                       ; On                 ; On                 ;
; Report Source Assignments                                                       ; On                 ; On                 ;
; Report Connectivity Checks                                                      ; On                 ; On                 ;
; Ignore Maximum Fan-Out Assignments                                              ; Off                ; Off                ;
; Synchronization Register Chain Length                                           ; 3                  ; 3                  ;
; Power Optimization During Synthesis                                             ; Normal compilation ; Normal compilation ;
; HDL message level                                                               ; Level2             ; Level2             ;
; Suppress Register Optimization Related Messages                                 ; Off                ; Off                ;
; Number of Removed Registers Reported in Synthesis Report                        ; 5000               ; 5000               ;
; Number of Swept Nodes Reported in Synthesis Report                              ; 5000               ; 5000               ;
; Number of Inverted Registers Reported in Synthesis Report                       ; 100                ; 100                ;
; Clock MUX Protection                                                            ; On                 ; On                 ;
; Auto Gated Clock Conversion                                                     ; Off                ; Off                ;
; Block Design Naming                                                             ; Auto               ; Auto               ;
; SDC constraint protection                                                       ; Off                ; Off                ;
; Synthesis Effort                                                                ; Auto               ; Auto               ;
; Shift Register Replacement - Allow Asynchronous Clear Signal                    ; On                 ; On                 ;
; Pre-Mapping Resynthesis Optimization                                            ; Off                ; Off                ;
; Analysis & Synthesis Message Level                                              ; Medium             ; Medium             ;
; Disable Register Merging Across Hierarchies                                     ; Auto               ; Auto               ;
; Resource Aware Inference For Block RAM                                          ; On                 ; On                 ;
; Automatic Parallel Synthesis                                                    ; On                 ; On                 ;
; Partial Reconfiguration Bitstream ID                                            ; Off                ; Off                ;
+---------------------------------------------------------------------------------+--------------------+--------------------+


+------------------------------------------+
; Parallel Compilation                     ;
+----------------------------+-------------+
; Processors                 ; Number      ;
+----------------------------+-------------+
; Number detected on machine ; 12          ;
; Maximum allowed            ; 6           ;
;                            ;             ;
; Average used               ; 1.00        ;
; Maximum used               ; 1           ;
;                            ;             ;
; Usage by Processor         ; % Time Used ;
;     Processor 1            ; 100.0%      ;
+----------------------------+-------------+


+-----------------------------------------------------------------------------------------------------------------------------------------------------------------------------------------------------------------------------------------------------------------+
; Analysis & Synthesis Source Files Read                                                                                                                                                                                                                          ;
+---------------------------------------------------------+-----------------+-----------------+---------------------------------------------------------------------------------------------------------------------------------------------------------+---------+
; File Name with User-Entered Path                        ; Used in Netlist ; File Type       ; File Name with Absolute Path                                                                                                                            ; Library ;
+---------------------------------------------------------+-----------------+-----------------+---------------------------------------------------------------------------------------------------------------------------------------------------------+---------+
; Componentes/BancodeRegistradores/BancoRegistradores.vhd ; yes             ; User VHDL File  ; C:/Users/Administrator/Documents/GitHub/AOC_RafaelNobrega_LucasBessa_UFRR_2020/Processador_XRL8/Componentes/BancodeRegistradores/BancoRegistradores.vhd ;         ;
+---------------------------------------------------------+-----------------+-----------------+---------------------------------------------------------------------------------------------------------------------------------------------------------+---------+


+-----------------------------------------------------------+
; Analysis & Synthesis Resource Usage Summary               ;
+---------------------------------------------+-------------+
; Resource                                    ; Usage       ;
+---------------------------------------------+-------------+
; Estimate of Logic utilization (ALMs needed) ; 25          ;
;                                             ;             ;
; Combinational ALUT usage for logic          ; 20          ;
;     -- 7 input functions                    ; 0           ;
;     -- 6 input functions                    ; 16          ;
;     -- 5 input functions                    ; 0           ;
;     -- 4 input functions                    ; 0           ;
;     -- <=3 input functions                  ; 4           ;
;                                             ;             ;
; Dedicated logic registers                   ; 32          ;
;                                             ;             ;
; I/O pins                                    ; 30          ;
;                                             ;             ;
; Total DSP Blocks                            ; 0           ;
;                                             ;             ;
; Maximum fan-out node                        ; clock~input ;
; Maximum fan-out                             ; 32          ;
; Total fan-out                               ; 250         ;
; Average fan-out                             ; 2.23        ;
+---------------------------------------------+-------------+


+-----------------------------------------------------------------------------------------------------------------------------------------------------------------------------------------------+
; Analysis & Synthesis Resource Utilization by Entity                                                                                                                                           ;
+----------------------------+---------------------+---------------------------+-------------------+------------+------+--------------+---------------------+--------------------+--------------+
; Compilation Hierarchy Node ; Combinational ALUTs ; Dedicated Logic Registers ; Block Memory Bits ; DSP Blocks ; Pins ; Virtual Pins ; Full Hierarchy Name ; Entity Name        ; Library Name ;
+----------------------------+---------------------+---------------------------+-------------------+------------+------+--------------+---------------------+--------------------+--------------+
; |BancoRegistradores        ; 20 (20)             ; 32 (32)                   ; 0                 ; 0          ; 30   ; 0            ; |BancoRegistradores ; BancoRegistradores ; work         ;
+----------------------------+---------------------+---------------------------+-------------------+------------+------+--------------+---------------------+--------------------+--------------+
Note: For table entries with two numbers listed, the numbers in parentheses indicate the number of resources of the given type used by the specific entity alone. The numbers listed outside of parentheses indicate the total resources of the given type used by the specific entity and all of its sub-entities in the hierarchy.


+------------------------------------------------------+
; General Register Statistics                          ;
+----------------------------------------------+-------+
; Statistic                                    ; Value ;
+----------------------------------------------+-------+
; Total registers                              ; 32    ;
; Number of registers using Synchronous Clear  ; 0     ;
; Number of registers using Synchronous Load   ; 0     ;
; Number of registers using Asynchronous Clear ; 0     ;
; Number of registers using Asynchronous Load  ; 0     ;
; Number of registers using Clock Enable       ; 32    ;
; Number of registers using Preset             ; 0     ;
+----------------------------------------------+-------+


+-----------------------------------------------------+
; Post-Synthesis Netlist Statistics for Top Partition ;
+-----------------------+-----------------------------+
; Type                  ; Count                       ;
+-----------------------+-----------------------------+
; arriav_ff             ; 32                          ;
;     ENA               ; 32                          ;
; arriav_lcell_comb     ; 20                          ;
;     normal            ; 20                          ;
;         3 data inputs ; 4                           ;
;         6 data inputs ; 16                          ;
; boundary_port         ; 30                          ;
;                       ;                             ;
; Max LUT depth         ; 1.00                        ;
; Average LUT depth     ; 0.86                        ;
+-----------------------+-----------------------------+


+-------------------------------+
; Elapsed Time Per Partition    ;
+----------------+--------------+
; Partition Name ; Elapsed Time ;
+----------------+--------------+
; Top            ; 00:00:00     ;
+----------------+--------------+


+-------------------------------+
; Analysis & Synthesis Messages ;
+-------------------------------+
Info: *******************************************************************
Info: Running Quartus Prime Analysis & Synthesis
    Info: Version 20.1.1 Build 720 11/11/2020 SJ Lite Edition
    Info: Processing started: Thu May 13 23:14:32 2021
Info: Command: quartus_map --read_settings_files=on --write_settings_files=off processador -c Processador
Warning (18236): Number of processors has not been specified which may cause overloading on shared machines.  Set the global assignment NUM_PARALLEL_PROCESSORS in your QSF to an appropriate value for best performance.
Info (20030): Parallel compilation is enabled and will use 6 of the 6 processors detected
Info (12021): Found 2 design units, including 1 entities, in source file componentes/auxiliardejumpc/auxjumpc.vhd
    Info (12022): Found design unit 1: AuxJumpC-main File: C:/Users/Administrator/Documents/GitHub/AOC_RafaelNobrega_LucasBessa_UFRR_2020/Processador_XRL8/Componentes/AuxiliarDeJumpC/AuxJumpC.vhd Line: 13
    Info (12023): Found entity 1: AuxJumpC File: C:/Users/Administrator/Documents/GitHub/AOC_RafaelNobrega_LucasBessa_UFRR_2020/Processador_XRL8/Componentes/AuxiliarDeJumpC/AuxJumpC.vhd Line: 6
Info (12021): Found 2 design units, including 1 entities, in source file componentes/bancoderegistradores/bancoregistradores.vhd
    Info (12022): Found design unit 1: BancoRegistradores-main File: C:/Users/Administrator/Documents/GitHub/AOC_RafaelNobrega_LucasBessa_UFRR_2020/Processador_XRL8/Componentes/BancodeRegistradores/BancoRegistradores.vhd Line: 16
    Info (12023): Found entity 1: BancoRegistradores File: C:/Users/Administrator/Documents/GitHub/AOC_RafaelNobrega_LucasBessa_UFRR_2020/Processador_XRL8/Componentes/BancodeRegistradores/BancoRegistradores.vhd Line: 5
Info (12021): Found 2 design units, including 1 entities, in source file componentes/controle/unidadedecontrole.vhd
    Info (12022): Found design unit 1: UnidadeDeControle-main File: C:/Users/Administrator/Documents/GitHub/AOC_RafaelNobrega_LucasBessa_UFRR_2020/Processador_XRL8/Componentes/Controle/UnidadeDeControle.vhd Line: 21
    Info (12023): Found entity 1: UnidadeDeControle File: C:/Users/Administrator/Documents/GitHub/AOC_RafaelNobrega_LucasBessa_UFRR_2020/Processador_XRL8/Componentes/Controle/UnidadeDeControle.vhd Line: 4
Info (12021): Found 2 design units, including 1 entities, in source file componentes/divisaobits/divisaobits.vhd
    Info (12022): Found design unit 1: Divisaobits-main File: C:/Users/Administrator/Documents/GitHub/AOC_RafaelNobrega_LucasBessa_UFRR_2020/Processador_XRL8/Componentes/Divisaobits/Divisaobits.vhd Line: 16
    Info (12023): Found entity 1: Divisaobits File: C:/Users/Administrator/Documents/GitHub/AOC_RafaelNobrega_LucasBessa_UFRR_2020/Processador_XRL8/Componentes/Divisaobits/Divisaobits.vhd Line: 6
Info (12021): Found 2 design units, including 1 entities, in source file componentes/extensores/extensor_4_8.vhd
    Info (12022): Found design unit 1: Extensor_4_8-Behavior File: C:/Users/Administrator/Documents/GitHub/AOC_RafaelNobrega_LucasBessa_UFRR_2020/Processador_XRL8/Componentes/Extensores/Extensor_4_8.vhd Line: 12
    Info (12023): Found entity 1: Extensor_4_8 File: C:/Users/Administrator/Documents/GitHub/AOC_RafaelNobrega_LucasBessa_UFRR_2020/Processador_XRL8/Componentes/Extensores/Extensor_4_8.vhd Line: 4
Info (12021): Found 2 design units, including 1 entities, in source file componentes/extensores/extensor_2_8.vhd
    Info (12022): Found design unit 1: Extensor_2_8-Behavior File: C:/Users/Administrator/Documents/GitHub/AOC_RafaelNobrega_LucasBessa_UFRR_2020/Processador_XRL8/Componentes/Extensores/Extensor_2_8.vhd Line: 12
    Info (12023): Found entity 1: Extensor_2_8 File: C:/Users/Administrator/Documents/GitHub/AOC_RafaelNobrega_LucasBessa_UFRR_2020/Processador_XRL8/Componentes/Extensores/Extensor_2_8.vhd Line: 4
Info (12021): Found 2 design units, including 1 entities, in source file componentes/memorias/memoriarom.vhd
    Info (12022): Found design unit 1: memoriaROM-main File: C:/Users/Administrator/Documents/GitHub/AOC_RafaelNobrega_LucasBessa_UFRR_2020/Processador_XRL8/Componentes/memorias/memoriaROM.vhd Line: 13
    Info (12023): Found entity 1: memoriaROM File: C:/Users/Administrator/Documents/GitHub/AOC_RafaelNobrega_LucasBessa_UFRR_2020/Processador_XRL8/Componentes/memorias/memoriaROM.vhd Line: 5
Info (12021): Found 2 design units, including 1 entities, in source file componentes/memorias/memoriaram.vhd
    Info (12022): Found design unit 1: memoriaRAM-main File: C:/Users/Administrator/Documents/GitHub/AOC_RafaelNobrega_LucasBessa_UFRR_2020/Processador_XRL8/Componentes/memorias/memoriaRAM.vhd Line: 17
    Info (12023): Found entity 1: memoriaRAM File: C:/Users/Administrator/Documents/GitHub/AOC_RafaelNobrega_LucasBessa_UFRR_2020/Processador_XRL8/Componentes/memorias/memoriaRAM.vhd Line: 6
Info (12021): Found 2 design units, including 1 entities, in source file componentes/multiplexador/mult2x1.vhd
    Info (12022): Found design unit 1: mult2x1-logic File: C:/Users/Administrator/Documents/GitHub/AOC_RafaelNobrega_LucasBessa_UFRR_2020/Processador_XRL8/Componentes/Multiplexador/mult2x1.vhd Line: 14
    Info (12023): Found entity 1: mult2x1 File: C:/Users/Administrator/Documents/GitHub/AOC_RafaelNobrega_LucasBessa_UFRR_2020/Processador_XRL8/Componentes/Multiplexador/mult2x1.vhd Line: 5
Info (12021): Found 2 design units, including 1 entities, in source file componentes/multiplicador/multiplicador.vhd
    Info (12022): Found design unit 1: multiplicador-main File: C:/Users/Administrator/Documents/GitHub/AOC_RafaelNobrega_LucasBessa_UFRR_2020/Processador_XRL8/Componentes/Multiplicador/Multiplicador.vhd Line: 14
    Info (12023): Found entity 1: multiplicador File: C:/Users/Administrator/Documents/GitHub/AOC_RafaelNobrega_LucasBessa_UFRR_2020/Processador_XRL8/Componentes/Multiplicador/Multiplicador.vhd Line: 6
Info (12021): Found 2 design units, including 1 entities, in source file componentes/pcesomadorpc/somador_pc.vhd
    Info (12022): Found design unit 1: Somador_pc-behavior File: C:/Users/Administrator/Documents/GitHub/AOC_RafaelNobrega_LucasBessa_UFRR_2020/Processador_XRL8/Componentes/PCeSomadorPC/Somador_pc.vhd Line: 13
    Info (12023): Found entity 1: Somador_pc File: C:/Users/Administrator/Documents/GitHub/AOC_RafaelNobrega_LucasBessa_UFRR_2020/Processador_XRL8/Componentes/PCeSomadorPC/Somador_pc.vhd Line: 5
Info (12021): Found 2 design units, including 1 entities, in source file componentes/pcesomadorpc/pc.vhd
    Info (12022): Found design unit 1: Pc-behavior File: C:/Users/Administrator/Documents/GitHub/AOC_RafaelNobrega_LucasBessa_UFRR_2020/Processador_XRL8/Componentes/PCeSomadorPC/Pc.vhd Line: 12
    Info (12023): Found entity 1: Pc File: C:/Users/Administrator/Documents/GitHub/AOC_RafaelNobrega_LucasBessa_UFRR_2020/Processador_XRL8/Componentes/PCeSomadorPC/Pc.vhd Line: 4
Info (12021): Found 2 design units, including 1 entities, in source file componentes/portaslogicas/p_xor.vhd
    Info (12022): Found design unit 1: p_xor-behavior File: C:/Users/Administrator/Documents/GitHub/AOC_RafaelNobrega_LucasBessa_UFRR_2020/Processador_XRL8/Componentes/PortasLogicas/p_xor.vhd Line: 12
    Info (12023): Found entity 1: p_xor File: C:/Users/Administrator/Documents/GitHub/AOC_RafaelNobrega_LucasBessa_UFRR_2020/Processador_XRL8/Componentes/PortasLogicas/p_xor.vhd Line: 4
Info (12021): Found 2 design units, including 1 entities, in source file componentes/portaslogicas/p_or.vhd
    Info (12022): Found design unit 1: p_or-behavior File: C:/Users/Administrator/Documents/GitHub/AOC_RafaelNobrega_LucasBessa_UFRR_2020/Processador_XRL8/Componentes/PortasLogicas/p_or.vhd Line: 12
    Info (12023): Found entity 1: p_or File: C:/Users/Administrator/Documents/GitHub/AOC_RafaelNobrega_LucasBessa_UFRR_2020/Processador_XRL8/Componentes/PortasLogicas/p_or.vhd Line: 4
Info (12021): Found 2 design units, including 1 entities, in source file componentes/portaslogicas/p_not.vhd
    Info (12022): Found design unit 1: p_not-behavior File: C:/Users/Administrator/Documents/GitHub/AOC_RafaelNobrega_LucasBessa_UFRR_2020/Processador_XRL8/Componentes/PortasLogicas/p_not.vhd Line: 11
    Info (12023): Found entity 1: p_not File: C:/Users/Administrator/Documents/GitHub/AOC_RafaelNobrega_LucasBessa_UFRR_2020/Processador_XRL8/Componentes/PortasLogicas/p_not.vhd Line: 4
Info (12021): Found 2 design units, including 1 entities, in source file componentes/portaslogicas/p_and.vhd
    Info (12022): Found design unit 1: p_and-behavior File: C:/Users/Administrator/Documents/GitHub/AOC_RafaelNobrega_LucasBessa_UFRR_2020/Processador_XRL8/Componentes/PortasLogicas/p_and.vhd Line: 12
    Info (12023): Found entity 1: p_and File: C:/Users/Administrator/Documents/GitHub/AOC_RafaelNobrega_LucasBessa_UFRR_2020/Processador_XRL8/Componentes/PortasLogicas/p_and.vhd Line: 4
Info (12021): Found 2 design units, including 1 entities, in source file componentes/somador/somador8bits.vhd
    Info (12022): Found design unit 1: somador8bits-main File: C:/Users/Administrator/Documents/GitHub/AOC_RafaelNobrega_LucasBessa_UFRR_2020/Processador_XRL8/Componentes/Somador/somador8bits.vhd Line: 14
    Info (12023): Found entity 1: somador8bits File: C:/Users/Administrator/Documents/GitHub/AOC_RafaelNobrega_LucasBessa_UFRR_2020/Processador_XRL8/Componentes/Somador/somador8bits.vhd Line: 5
Info (12021): Found 2 design units, including 1 entities, in source file componentes/somador/somador.vhd
    Info (12022): Found design unit 1: somador-main File: C:/Users/Administrator/Documents/GitHub/AOC_RafaelNobrega_LucasBessa_UFRR_2020/Processador_XRL8/Componentes/Somador/somador.vhd Line: 17
    Info (12023): Found entity 1: somador File: C:/Users/Administrator/Documents/GitHub/AOC_RafaelNobrega_LucasBessa_UFRR_2020/Processador_XRL8/Componentes/Somador/somador.vhd Line: 7
Info (12021): Found 2 design units, including 1 entities, in source file componentes/subtrator/subtrator_8b.vhd
    Info (12022): Found design unit 1: Subtrator_8b-main File: C:/Users/Administrator/Documents/GitHub/AOC_RafaelNobrega_LucasBessa_UFRR_2020/Processador_XRL8/Componentes/Subtrator/Subtrator_8b.vhd Line: 16
    Info (12023): Found entity 1: Subtrator_8b File: C:/Users/Administrator/Documents/GitHub/AOC_RafaelNobrega_LucasBessa_UFRR_2020/Processador_XRL8/Componentes/Subtrator/Subtrator_8b.vhd Line: 6
Info (12021): Found 2 design units, including 1 entities, in source file componentes/ula/ula.vhd
    Info (12022): Found design unit 1: ULA-main File: C:/Users/Administrator/Documents/GitHub/AOC_RafaelNobrega_LucasBessa_UFRR_2020/Processador_XRL8/Componentes/ULA/ULA.vhd Line: 17
    Info (12023): Found entity 1: ULA File: C:/Users/Administrator/Documents/GitHub/AOC_RafaelNobrega_LucasBessa_UFRR_2020/Processador_XRL8/Componentes/ULA/ULA.vhd Line: 6
Info (12021): Found 2 design units, including 1 entities, in source file processador.vhd
    Info (12022): Found design unit 1: processador-main File: C:/Users/Administrator/Documents/GitHub/AOC_RafaelNobrega_LucasBessa_UFRR_2020/Processador_XRL8/processador.vhd Line: 26
    Info (12023): Found entity 1: processador File: C:/Users/Administrator/Documents/GitHub/AOC_RafaelNobrega_LucasBessa_UFRR_2020/Processador_XRL8/processador.vhd Line: 6
Info (12127): Elaborating entity "BancoRegistradores" for the top level hierarchy
Info (276014): Found 1 instances of uninferred RAM logic
    Info (276004): RAM logic "registradores" is uninferred due to inappropriate RAM size File: C:/Users/Administrator/Documents/GitHub/AOC_RafaelNobrega_LucasBessa_UFRR_2020/Processador_XRL8/Componentes/BancodeRegistradores/BancoRegistradores.vhd Line: 19
Info (286030): Timing-Driven Synthesis is running
Info (16010): Generating hard_block partition "hard_block:auto_generated_inst"
    Info (16011): Adding 0 node(s), including 0 DDIO, 0 PLL, 0 transceiver and 0 LCELL
Info (21057): Implemented 82 device resources after synthesis - the final resource count might be different
    Info (21058): Implemented 14 input pins
    Info (21059): Implemented 16 output pins
    Info (21061): Implemented 52 logic cells
Info: Quartus Prime Analysis & Synthesis was successful. 0 errors, 1 warning
    Info: Peak virtual memory: 4848 megabytes
    Info: Processing ended: Thu May 13 23:14:44 2021
    Info: Elapsed time: 00:00:12
    Info: Total CPU time (on all processors): 00:00:28


